0 info it worked if it ends with ok
1 verbose cli [ 'D:\\Program Files\\node\\node.exe',
1 verbose cli   'D:\\Program Files\\node\\node_modules\\npm\\bin\\npm-cli.js',
1 verbose cli   'install',
1 verbose cli   'angular-cookies@X.Y.Z' ]
2 info using npm@2.15.1
3 info using node@v4.4.4
4 verbose install initial load of D:\KinMen\Site_Diary\package.json
5 warn package.json gammon@1.1.1 No repository field.
6 warn package.json gammon@1.1.1 No license field.
7 verbose readDependencies loading dependencies from D:\KinMen\Site_Diary\package.json
8 silly cache add args [ 'angular-cookies@X.Y.Z', null ]
9 verbose cache add spec angular-cookies@X.Y.Z
10 silly cache add parsed spec Result {
10 silly cache add   raw: 'angular-cookies@X.Y.Z',
10 silly cache add   scope: null,
10 silly cache add   name: 'angular-cookies',
10 silly cache add   rawSpec: 'X.Y.Z',
10 silly cache add   spec: 'X.Y.Z',
10 silly cache add   type: 'tag' }
11 silly addNamed angular-cookies@X.Y.Z
12 verbose addNamed "X.Y.Z" is being treated as a dist-tag for angular-cookies
13 info addNameTag [ 'angular-cookies', 'X.Y.Z' ]
14 silly mapToRegistry name angular-cookies
15 silly mapToRegistry using default registry
16 silly mapToRegistry registry https://registry.npmjs.org/
17 silly mapToRegistry data Result {
17 silly mapToRegistry   raw: 'angular-cookies',
17 silly mapToRegistry   scope: null,
17 silly mapToRegistry   name: 'angular-cookies',
17 silly mapToRegistry   rawSpec: '',
17 silly mapToRegistry   spec: 'latest',
17 silly mapToRegistry   type: 'tag' }
18 silly mapToRegistry uri https://registry.npmjs.org/angular-cookies
19 verbose addNameTag registry:https://registry.npmjs.org/angular-cookies not in flight; fetching
20 verbose request uri https://registry.npmjs.org/angular-cookies
21 verbose request no auth needed
22 info attempt registry request try #1 at 12:41:14
23 verbose request id 9057c274dd68ef56
24 http request GET https://registry.npmjs.org/angular-cookies
25 http 200 https://registry.npmjs.org/angular-cookies
26 verbose headers { server: 'CouchDB/1.6.1 (Erlang OTP/R16B03)',
26 verbose headers   etag: '"4EWMPNM4DYZ0B5YLW1N3NV6RI"',
26 verbose headers   'content-type': 'application/json',
26 verbose headers   'content-encoding': 'gzip',
26 verbose headers   'cache-control': 'max-age=300',
26 verbose headers   'content-length': '11921',
26 verbose headers   'accept-ranges': 'bytes',
26 verbose headers   date: 'Fri, 01 Jul 2016 04:41:15 GMT',
26 verbose headers   via: '1.1 varnish',
26 verbose headers   age: '178',
26 verbose headers   connection: 'keep-alive',
26 verbose headers   'x-served-by': 'cache-ams4143-AMS',
26 verbose headers   'x-cache': 'HIT',
26 verbose headers   'x-cache-hits': '1',
26 verbose headers   'x-timer': 'S1467348075.455320,VS0,VE0',
26 verbose headers   vary: 'Accept-Encoding' }
27 silly get cb [ 200,
27 silly get   { server: 'CouchDB/1.6.1 (Erlang OTP/R16B03)',
27 silly get     etag: '"4EWMPNM4DYZ0B5YLW1N3NV6RI"',
27 silly get     'content-type': 'application/json',
27 silly get     'content-encoding': 'gzip',
27 silly get     'cache-control': 'max-age=300',
27 silly get     'content-length': '11921',
27 silly get     'accept-ranges': 'bytes',
27 silly get     date: 'Fri, 01 Jul 2016 04:41:15 GMT',
27 silly get     via: '1.1 varnish',
27 silly get     age: '178',
27 silly get     connection: 'keep-alive',
27 silly get     'x-served-by': 'cache-ams4143-AMS',
27 silly get     'x-cache': 'HIT',
27 silly get     'x-cache-hits': '1',
27 silly get     'x-timer': 'S1467348075.455320,VS0,VE0',
27 silly get     vary: 'Accept-Encoding' } ]
28 verbose get saving angular-cookies to C:\Users\mary.tien\AppData\Roaming\npm-cache\registry.npmjs.org\angular-cookies\.cache.json
29 verbose correctMkdir C:\Users\mary.tien\AppData\Roaming\npm-cache correctMkdir not in flight; initializing
30 silly addNameTag next cb for angular-cookies with tag X.Y.Z
31 verbose stack Error: No compatible version found: angular-cookies@'X.Y.Z'
31 verbose stack Valid install targets:
31 verbose stack ["1.2.20","1.2.0","1.2.1","1.2.2","1.2.3","1.2.4","1.2.5","1.2.6","1.2.7","1.2.8","1.2.9","1.2.10","1.2.11","1.2.12","1.2.13","1.2.14","1.2.15","1.2.16","1.2.17","1.2.18","1.2.19","1.3.0-rc.5","1.3.0","1.3.1","1.3.2","1.3.3","1.3.4-build.3588","1.2.27","1.3.4","1.3.5","1.3.6","1.3.7","1.2.28","1.3.8","1.4.0-beta.0","1.3.9","1.3.10","1.4.0-beta.1","1.4.0-beta.2","1.3.11","1.4.0-beta.3","1.3.12","1.3.13","1.4.0-beta.4","1.3.14","1.4.0-beta.5","1.4.0-beta.6","1.3.15","1.4.0-rc.0","1.4.0-rc.1","1.4.0-rc.2","1.4.0","1.3.16","1.4.1","1.4.2","1.3.17","1.4.3","1.4.4","1.3.18","1.4.5","1.3.19","1.4.6","1.5.0-beta.0","1.2.29","1.3.20","1.4.7","1.5.0-beta.2","1.4.8","1.5.0-rc.0","1.5.0-rc.1","1.4.9","1.5.0-rc.2","1.5.0","1.5.1","1.4.10","1.5.2","1.5.3","1.5.5","1.4.11","1.5.6","1.4.12","1.5.7"]
31 verbose stack
31 verbose stack     at installTargetsError (D:\Program Files\node\node_modules\npm\lib\cache\add-named.js:284:12)
31 verbose stack     at next (D:\Program Files\node\node_modules\npm\lib\cache\add-named.js:94:10)
31 verbose stack     at RES (D:\Program Files\node\node_modules\npm\node_modules\inflight\inflight.js:23:14)
31 verbose stack     at f (D:\Program Files\node\node_modules\npm\node_modules\once\once.js:17:25)
31 verbose stack     at fixName (D:\Program Files\node\node_modules\npm\lib\cache\add-named.js:29:5)
31 verbose stack     at saved (D:\Program Files\node\node_modules\npm\lib\cache\caching-client.js:173:7)
31 verbose stack     at D:\Program Files\node\node_modules\npm\node_modules\graceful-fs\polyfills.js:210:7
31 verbose stack     at FSReqWrap.oncomplete (fs.js:82:15)
32 verbose cwd D:\KinMen\Site_Diary
33 error Windows_NT 6.1.7601
34 error argv "D:\\Program Files\\node\\node.exe" "D:\\Program Files\\node\\node_modules\\npm\\bin\\npm-cli.js" "install" "angular-cookies@X.Y.Z"
35 error node v4.4.4
36 error npm  v2.15.1
37 error code ETARGET
38 error notarget No compatible version found: angular-cookies@'X.Y.Z'
38 error notarget Valid install targets:
38 error notarget ["1.2.20","1.2.0","1.2.1","1.2.2","1.2.3","1.2.4","1.2.5","1.2.6","1.2.7","1.2.8","1.2.9","1.2.10","1.2.11","1.2.12","1.2.13","1.2.14","1.2.15","1.2.16","1.2.17","1.2.18","1.2.19","1.3.0-rc.5","1.3.0","1.3.1","1.3.2","1.3.3","1.3.4-build.3588","1.2.27","1.3.4","1.3.5","1.3.6","1.3.7","1.2.28","1.3.8","1.4.0-beta.0","1.3.9","1.3.10","1.4.0-beta.1","1.4.0-beta.2","1.3.11","1.4.0-beta.3","1.3.12","1.3.13","1.4.0-beta.4","1.3.14","1.4.0-beta.5","1.4.0-beta.6","1.3.15","1.4.0-rc.0","1.4.0-rc.1","1.4.0-rc.2","1.4.0","1.3.16","1.4.1","1.4.2","1.3.17","1.4.3","1.4.4","1.3.18","1.4.5","1.3.19","1.4.6","1.5.0-beta.0","1.2.29","1.3.20","1.4.7","1.5.0-beta.2","1.4.8","1.5.0-rc.0","1.5.0-rc.1","1.4.9","1.5.0-rc.2","1.5.0","1.5.1","1.4.10","1.5.2","1.5.3","1.5.5","1.4.11","1.5.6","1.4.12","1.5.7"]
38 error notarget
38 error notarget This is most likely not a problem with npm itself.
38 error notarget In most cases you or one of your dependencies are requesting
38 error notarget a package version that doesn't exist.
38 error notarget
38 error notarget It was specified as a dependency of 'gammon'
39 verbose exit [ 1, true ]
